<?xml version="1.0" encoding="UTF-8"?>
<!-- Generated by org.testng.reporters.JUnitReportReporter -->
<testsuite hostname="DFW22AAA081819" failures="0" tests="8" name="package1.CheckDataTypes" time="7.786" errors="0" timestamp="2021-10-17T22:26:11 CDT" skipped="0">
  <testcase classname="package1.CheckDataTypes" name="testDataTypeOfTitle" time="0.562"/>
  <system-out/>
  <testcase classname="package1.CheckDataTypes" name="testDataTypeOfSubTitle" time="0.406"/>
  <system-out/>
  <testcase classname="package1.CheckDataTypes" name="testDataTypeOfPublishDate" time="0.421"/>
  <system-out/>
  <testcase classname="package1.CheckDataTypes" name="testDataTypeOfAuthor" time="4.628"/>
  <system-out/>
  <testcase classname="package1.CheckDataTypes" name="testDataTypeOfDescription" time="0.521"/>
  <system-out/>
  <testcase classname="package1.CheckDataTypes" name="testDataTypeOfPages" time="0.422"/>
  <system-out/>
  <testcase classname="package1.CheckDataTypes" name="testDataTypeOfPublisher" time="0.406"/>
  <system-out/>
  <testcase classname="package1.CheckDataTypes" name="testDataTypeOfWebsite" time="0.420"/>
  <system-out/>
</testsuite> <!-- package1.CheckDataTypes -->
